<?xml version="1.0" encoding="UTF-8"?>
<testsuite xmlns:xsi="http://www.w3.org/2001/XMLSchema-instance" xsi:noNamespaceSchemaLocation="https://maven.apache.org/surefire/maven-surefire-plugin/xsd/surefire-test-report.xsd" name="pku.course.java.AppTest" time="0.154" tests="1" errors="0" skipped="0" failures="0">
  <properties>
    <property name="awt.toolkit" value="sun.lwawt.macosx.LWCToolkit"/>
    <property name="java.specification.version" value="12"/>
    <property name="sun.jnu.encoding" value="UTF-8"/>
    <property name="java.class.path" value="/Users/say/Documents/Courses/Java程序设计（微信）（教学网-内容）/Homework/Team Project/university_q_and_a/target/test-classes:/Users/say/Documents/Courses/Java程序设计（微信）（教学网-内容）/Homework/Team Project/university_q_and_a/target/classes:/Users/say/.m2/repository/junit/junit/4.11/junit-4.11.jar:/Users/say/.m2/repository/org/hamcrest/hamcrest-core/1.3/hamcrest-core-1.3.jar:/Users/say/.m2/repository/com/microsoft/sqlserver/mssql-jdbc/7.2.2.jre11/mssql-jdbc-7.2.2.jre11.jar:/Users/say/.m2/repository/org/apache/commons/commons-lang3/3.9/commons-lang3-3.9.jar:/Users/say/.m2/repository/com/googlecode/json-simple/json-simple/1.1.1/json-simple-1.1.1.jar:"/>
    <property name="java.vm.vendor" value="Oracle Corporation"/>
    <property name="sun.arch.data.model" value="64"/>
    <property name="java.vendor.url" value="https://java.oracle.com/"/>
    <property name="os.name" value="Mac OS X"/>
    <property name="java.vm.specification.version" value="12"/>
    <property name="sun.java.launcher" value="SUN_STANDARD"/>
    <property name="user.country" value="US"/>
    <property name="sun.boot.library.path" value="/Library/Java/JavaVirtualMachines/openjdk-12.0.1.jdk/Contents/Home/lib"/>
    <property name="sun.java.command" value="/Users/say/Documents/Courses/Java程序设计（微信）（教学网-内容）/Homework/Team Project/university_q_and_a/target/surefire/surefirebooter10869637377480938066.jar /Users/say/Documents/Courses/Java程序设计（微信）（教学网-内容）/Homework/Team Project/university_q_and_a/target/surefire 2019-05-19T18-37-44_608-jvmRun1 surefire12541079816684801039tmp surefire_014230056736691283758tmp"/>
    <property name="jdk.debug" value="release"/>
    <property name="surefire.test.class.path" value="/Users/say/Documents/Courses/Java程序设计（微信）（教学网-内容）/Homework/Team Project/university_q_and_a/target/test-classes:/Users/say/Documents/Courses/Java程序设计（微信）（教学网-内容）/Homework/Team Project/university_q_and_a/target/classes:/Users/say/.m2/repository/junit/junit/4.11/junit-4.11.jar:/Users/say/.m2/repository/org/hamcrest/hamcrest-core/1.3/hamcrest-core-1.3.jar:/Users/say/.m2/repository/com/microsoft/sqlserver/mssql-jdbc/7.2.2.jre11/mssql-jdbc-7.2.2.jre11.jar:/Users/say/.m2/repository/org/apache/commons/commons-lang3/3.9/commons-lang3-3.9.jar:/Users/say/.m2/repository/com/googlecode/json-simple/json-simple/1.1.1/json-simple-1.1.1.jar:"/>
    <property name="sun.cpu.endian" value="little"/>
    <property name="user.home" value="/Users/say"/>
    <property name="user.language" value="en"/>
    <property name="java.specification.vendor" value="Oracle Corporation"/>
    <property name="java.version.date" value="2019-04-16"/>
    <property name="java.home" value="/Library/Java/JavaVirtualMachines/openjdk-12.0.1.jdk/Contents/Home"/>
    <property name="file.separator" value="/"/>
    <property name="basedir" value="/Users/say/Documents/Courses/Java程序设计（微信）（教学网-内容）/Homework/Team Project/university_q_and_a"/>
    <property name="java.vm.compressedOopsMode" value="Zero based"/>
    <property name="line.separator" value="&#10;"/>
    <property name="java.vm.specification.vendor" value="Oracle Corporation"/>
    <property name="java.specification.name" value="Java Platform API Specification"/>
    <property name="java.awt.graphicsenv" value="sun.awt.CGraphicsEnvironment"/>
    <property name="surefire.real.class.path" value="/Users/say/Documents/Courses/Java程序设计（微信）（教学网-内容）/Homework/Team Project/university_q_and_a/target/surefire/surefirebooter10869637377480938066.jar"/>
    <property name="sun.management.compiler" value="HotSpot 64-Bit Tiered Compilers"/>
    <property name="java.runtime.version" value="12.0.1+12"/>
    <property name="user.name" value="say"/>
    <property name="path.separator" value=":"/>
    <property name="os.version" value="10.14.4"/>
    <property name="java.runtime.name" value="OpenJDK Runtime Environment"/>
    <property name="file.encoding" value="UTF-8"/>
    <property name="java.vm.name" value="OpenJDK 64-Bit Server VM"/>
    <property name="localRepository" value="/Users/say/.m2/repository"/>
    <property name="java.vendor.url.bug" value="https://bugreport.java.com/bugreport/"/>
    <property name="java.io.tmpdir" value="/var/folders/pr/x9vb6yhj0wz0dsfy1s6_6nh80000gn/T/"/>
    <property name="java.version" value="12.0.1"/>
    <property name="user.dir" value="/Users/say/Documents/Courses/Java程序设计（微信）（教学网-内容）/Homework/Team Project/university_q_and_a"/>
    <property name="os.arch" value="x86_64"/>
    <property name="java.vm.specification.name" value="Java Virtual Machine Specification"/>
    <property name="java.library.path" value="/Users/say/Library/Java/Extensions:/Library/Java/Extensions:/Network/Library/Java/Extensions:/System/Library/Java/Extensions:/usr/lib/java:."/>
    <property name="java.vm.info" value="mixed mode, sharing"/>
    <property name="java.vendor" value="Oracle Corporation"/>
    <property name="java.vm.version" value="12.0.1+12"/>
    <property name="sun.io.unicode.encoding" value="UnicodeBig"/>
    <property name="java.class.version" value="56.0"/>
  </properties>
  <testcase name="shouldAnswerWithTrue" classname="pku.course.java.AppTest" time="0.002"/>
</testsuite>